<?xml version="1.0" encoding="UTF-8"?>
<testsuite name="ParserTest" tests="3" skipped="0" failures="0" errors="0" timestamp="2024-04-26T18:04:53" hostname="DESKTOP-DN7NP7T" time="0.081">
  <properties/>
  <testcase name="testSortByArea()" classname="ParserTest" time="0.071"/>
  <testcase name="testSortByName()" classname="ParserTest" time="0.003"/>
  <testcase name="testSortByPopulation()" classname="ParserTest" time="0.003"/>
  <system-out><![CDATA[]]></system-out>
  <system-err><![CDATA[]]></system-err>
</testsuite>
